<?xml version="1.0" encoding="UTF-8"?>
<!-- Generated by org.testng.reporters.JUnitReportReporter -->
<testsuite hostname="DESKTOP-6BS5P65" failures="0" tests="1" name="miniProjectO.finalChrome" time="37.633" errors="0" timestamp="2021-04-17T14:32:42 IST" skipped="0">
  <testcase classname="miniProjectO.finalChrome" name="initWebDriver" time="37.633"/>
  <system-out/>
</testsuite> <!-- miniProjectO.finalChrome -->
