<?xml version="1.0" encoding="UTF-8"?>
<!-- Generated by org.testng.reporters.JUnitReportReporter -->
<testsuite hostname="DESKTOP-6BS5P65" failures="0" tests="1" name="miniProjectO.finalFirefox" time="45.273" errors="0" timestamp="2021-04-17T14:34:52 IST" skipped="0">
  <testcase classname="miniProjectO.finalFirefox" name="initWebDriver" time="45.273"/>
  <system-out/>
</testsuite> <!-- miniProjectO.finalFirefox -->
