<?xml version="1.0" encoding="UTF-8"?>
<!-- Generated by org.testng.reporters.JUnitReportReporter -->
<testsuite hostname="DESKTOP-6BS5P65" failures="0" tests="1" name="miniProjectO.webPage" time="14.236" errors="0" timestamp="2021-04-28T18:15:40 IST" skipped="0">
  <testcase classname="miniProjectO.webPage" name="website" time="14.236"/>
  <system-out/>
</testsuite> <!-- miniProjectO.webPage -->
